<?xml version="1.0" encoding="UTF-8"?>
<!-- Generated by org.testng.reporters.JUnitXMLReporter -->
<testsuite ignored="0" hostname="Charan" failures="0" tests="3" name="Default test" time="25.006" errors="0" timestamp="25 Nov 2021 05:40:13 GMT">
  <testcase classname="com.oucb.qa.testcases.HomepageTest" name="Homepagetitletest" time="0.015"/>
  <testcase classname="com.oucb.qa.testcases.HomepageTest" name="logotest" time="0.101"/>
  <testcase classname="com.oucb.qa.testcases.HomepageTest" name="logintest" time="1.073"/>
</testsuite> <!-- Default test -->
