<?xml version="1.0" encoding="UTF-8"?>
<!-- Generated by org.testng.reporters.JUnitXMLReporter -->
<testsuite ignored="0" hostname="Charan" failures="0" tests="3" name="Test" time="106.599" errors="0" timestamp="25 Nov 2021 05:25:26 GMT">
  <testcase classname="com.oucb.qa.testcases.HomepageTest" name="Homepagetitletest" time="0.061"/>
  <testcase classname="com.oucb.qa.testcases.HomepageTest" name="logotest" time="0.602"/>
  <testcase classname="com.oucb.qa.testcases.HomepageTest" name="logintest" time="6.223"/>
</testsuite> <!-- Test -->
