<?xml version="1.0" encoding="UTF-8"?>
<testng-results ignored="0" total="3" passed="3" failed="0" skipped="0">
  <reporter-output>
  </reporter-output>
  <suite started-at="2021-11-25T05:23:40Z" name="Suite" finished-at="2021-11-25T05:25:26Z" duration-ms="106599">
    <groups>
    </groups>
    <test started-at="2021-11-25T05:23:40Z" name="Test" finished-at="2021-11-25T05:25:26Z" duration-ms="106599">
      <class name="com.oucb.qa.testcases.HomepageTest">
        <test-method is-config="true" signature="setUp()[pri:0, instance:com.oucb.qa.testcases.HomepageTest@1115ec15]" started-at="2021-11-25T10:53:40Z" name="setUp" finished-at="2021-11-25T10:54:53Z" duration-ms="73834" status="PASS">
          <reporter-output>
          </reporter-output>
        </test-method> <!-- setUp -->
        <test-method signature="Homepagetitletest()[pri:1, instance:com.oucb.qa.testcases.HomepageTest@1115ec15]" started-at="2021-11-25T10:54:53Z" name="Homepagetitletest" finished-at="2021-11-25T10:54:54Z" duration-ms="61" status="PASS">
          <reporter-output>
          </reporter-output>
        </test-method> <!-- Homepagetitletest -->
        <test-method is-config="true" signature="tearDown()[pri:0, instance:com.oucb.qa.testcases.HomepageTest@1115ec15]" started-at="2021-11-25T10:54:54Z" name="tearDown" finished-at="2021-11-25T10:54:54Z" duration-ms="800" status="PASS">
          <reporter-output>
          </reporter-output>
        </test-method> <!-- tearDown -->
        <test-method is-config="true" signature="setUp()[pri:0, instance:com.oucb.qa.testcases.HomepageTest@1115ec15]" started-at="2021-11-25T10:54:54Z" name="setUp" finished-at="2021-11-25T10:55:08Z" duration-ms="13548" status="PASS">
          <reporter-output>
          </reporter-output>
        </test-method> <!-- setUp -->
        <test-method signature="logotest()[pri:2, instance:com.oucb.qa.testcases.HomepageTest@1115ec15]" started-at="2021-11-25T10:55:08Z" name="logotest" finished-at="2021-11-25T10:55:08Z" duration-ms="602" status="PASS">
          <reporter-output>
          </reporter-output>
        </test-method> <!-- logotest -->
        <test-method is-config="true" signature="tearDown()[pri:0, instance:com.oucb.qa.testcases.HomepageTest@1115ec15]" started-at="2021-11-25T10:55:08Z" name="tearDown" finished-at="2021-11-25T10:55:09Z" duration-ms="654" status="PASS">
          <reporter-output>
          </reporter-output>
        </test-method> <!-- tearDown -->
        <test-method is-config="true" signature="setUp()[pri:0, instance:com.oucb.qa.testcases.HomepageTest@1115ec15]" started-at="2021-11-25T10:55:09Z" name="setUp" finished-at="2021-11-25T10:55:19Z" duration-ms="10216" status="PASS">
          <reporter-output>
          </reporter-output>
        </test-method> <!-- setUp -->
        <test-method signature="logintest()[pri:3, instance:com.oucb.qa.testcases.HomepageTest@1115ec15]" started-at="2021-11-25T10:55:19Z" name="logintest" finished-at="2021-11-25T10:55:26Z" duration-ms="6223" status="PASS">
          <reporter-output>
          </reporter-output>
        </test-method> <!-- logintest -->
        <test-method is-config="true" signature="tearDown()[pri:0, instance:com.oucb.qa.testcases.HomepageTest@1115ec15]" started-at="2021-11-25T10:55:26Z" name="tearDown" finished-at="2021-11-25T10:55:26Z" duration-ms="631" status="PASS">
          <reporter-output>
          </reporter-output>
        </test-method> <!-- tearDown -->
      </class> <!-- com.oucb.qa.testcases.HomepageTest -->
    </test> <!-- Test -->
  </suite> <!-- Suite -->
</testng-results>
